2015-05-04 15:41:25.870 HelloCordova[5531:467626] DiskCookieStorage changing policy from 2 to 0, cookie file: file:///Users/Elmet/Library/Developer/CoreSimulator/Devices/F65C11FD-0D24-4B84-A9B0-19B8745B7811/data/Containers/Data/Application/2342D801-F730-4387-9CD2-15C5C32BFF49/Library/Cookies/Cookies.binarycookies
2015-05-04 15:41:25.940 HelloCordova[5531:467626] Apache Cordova native platform version 3.8.0 is starting.
2015-05-04 15:41:25.941 HelloCordova[5531:467626] Multi-tasking -> Device: YES, App: YES
2015-05-04 15:41:25.943 HelloCordova[5531:467626] Unlimited access to network resources
2015-05-04 15:41:26.311 HelloCordova[5531:467626] Resetting plugins due to page load.
2015-05-04 15:41:26.478 HelloCordova[5531:467626] Finished load of: file:///Users/Elmet/Library/Developer/CoreSimulator/Devices/F65C11FD-0D24-4B84-A9B0-19B8745B7811/data/Containers/Bundle/Application/804CE1A6-2557-4991-8B98-016AEB072901/HelloCordova.app/www/index.html
2015-05-04 16:12:21.365 HelloCordova[6100:490379] DiskCookieStorage changing policy from 2 to 0, cookie file: file:///Users/Elmet/Library/Developer/CoreSimulator/Devices/F65C11FD-0D24-4B84-A9B0-19B8745B7811/data/Containers/Data/Application/67BE821F-1DEF-452E-B315-7094B9D6B450/Library/Cookies/Cookies.binarycookies
2015-05-04 16:12:21.446 HelloCordova[6100:490379] Apache Cordova native platform version 3.8.0 is starting.
2015-05-04 16:12:21.447 HelloCordova[6100:490379] Multi-tasking -> Device: YES, App: YES
2015-05-04 16:12:21.448 HelloCordova[6100:490379] Unlimited access to network resources
2015-05-04 16:12:21.681 HelloCordova[6100:490379] Resetting plugins due to page load.
2015-05-04 16:12:21.890 HelloCordova[6100:490379] Finished load of: file:///Users/Elmet/Library/Developer/CoreSimulator/Devices/F65C11FD-0D24-4B84-A9B0-19B8745B7811/data/Containers/Bundle/Application/F0A58C39-7407-4992-94B4-AD5DA8CD51E9/HelloCordova.app/www/index.html
2015-05-04 16:20:30.609 HelloCordova[6382:494937] DiskCookieStorage changing policy from 2 to 0, cookie file: file:///Users/Elmet/Library/Developer/CoreSimulator/Devices/F65C11FD-0D24-4B84-A9B0-19B8745B7811/data/Containers/Data/Application/ECD71CE0-4B9E-4C59-9207-AB6A6F5D1BD6/Library/Cookies/Cookies.binarycookies
2015-05-04 16:20:30.687 HelloCordova[6382:494937] Apache Cordova native platform version 3.8.0 is starting.
2015-05-04 16:20:30.688 HelloCordova[6382:494937] Multi-tasking -> Device: YES, App: YES
2015-05-04 16:20:30.691 HelloCordova[6382:494937] Unlimited access to network resources
2015-05-04 16:20:30.893 HelloCordova[6382:494937] Resetting plugins due to page load.
2015-05-04 16:20:31.064 HelloCordova[6382:494937] Finished load of: file:///Users/Elmet/Library/Developer/CoreSimulator/Devices/F65C11FD-0D24-4B84-A9B0-19B8745B7811/data/Containers/Bundle/Application/4D5C05C3-6A5B-4264-8A28-CAF9C4C41BC4/HelloCordova.app/www/index.html
2015-05-04 16:23:01.160 HelloCordova[6612:496722] DiskCookieStorage changing policy from 2 to 0, cookie file: file:///Users/Elmet/Library/Developer/CoreSimulator/Devices/F65C11FD-0D24-4B84-A9B0-19B8745B7811/data/Containers/Data/Application/5B55DC6E-E487-4CEF-931B-2C2EC07B14B6/Library/Cookies/Cookies.binarycookies
2015-05-04 16:23:01.253 HelloCordova[6612:496722] Apache Cordova native platform version 3.8.0 is starting.
2015-05-04 16:23:01.253 HelloCordova[6612:496722] Multi-tasking -> Device: YES, App: YES
2015-05-04 16:23:01.255 HelloCordova[6612:496722] Unlimited access to network resources
2015-05-04 16:23:01.511 HelloCordova[6612:496722] Resetting plugins due to page load.
2015-05-04 16:23:01.696 HelloCordova[6612:496722] Finished load of: file:///Users/Elmet/Library/Developer/CoreSimulator/Devices/F65C11FD-0D24-4B84-A9B0-19B8745B7811/data/Containers/Bundle/Application/4D7D615C-DAAE-4514-92D4-4B2F790B5532/HelloCordova.app/www/index.html
2015-05-04 16:28:13.067 HelloCordova[6854:501139] DiskCookieStorage changing policy from 2 to 0, cookie file: file:///Users/Elmet/Library/Developer/CoreSimulator/Devices/F65C11FD-0D24-4B84-A9B0-19B8745B7811/data/Containers/Data/Application/64797C44-C056-4443-932D-6A257CAA39BB/Library/Cookies/Cookies.binarycookies
2015-05-04 16:28:13.163 HelloCordova[6854:501139] Apache Cordova native platform version 3.8.0 is starting.
2015-05-04 16:28:13.164 HelloCordova[6854:501139] Multi-tasking -> Device: YES, App: YES
2015-05-04 16:28:13.166 HelloCordova[6854:501139] Unlimited access to network resources
2015-05-04 16:28:13.382 HelloCordova[6854:501139] Resetting plugins due to page load.
2015-05-04 16:28:13.559 HelloCordova[6854:501139] Finished load of: file:///Users/Elmet/Library/Developer/CoreSimulator/Devices/F65C11FD-0D24-4B84-A9B0-19B8745B7811/data/Containers/Bundle/Application/F18260BA-8E4A-401F-A0BE-C9733A644057/HelloCordova.app/www/index.html
2015-05-04 16:56:10.301 HelloCordova[7315:523819] DiskCookieStorage changing policy from 2 to 0, cookie file: file:///Users/Elmet/Library/Developer/CoreSimulator/Devices/F65C11FD-0D24-4B84-A9B0-19B8745B7811/data/Containers/Data/Application/2903175F-B14F-4432-ACCF-C0A8D76B4180/Library/Cookies/Cookies.binarycookies
2015-05-04 16:56:10.381 HelloCordova[7315:523819] Apache Cordova native platform version 3.8.0 is starting.
2015-05-04 16:56:10.381 HelloCordova[7315:523819] Multi-tasking -> Device: YES, App: YES
2015-05-04 16:56:10.382 HelloCordova[7315:523819] Unlimited access to network resources
2015-05-04 16:56:10.646 HelloCordova[7315:523819] Resetting plugins due to page load.
2015-05-04 16:56:10.797 HelloCordova[7315:523819] Finished load of: file:///Users/Elmet/Library/Developer/CoreSimulator/Devices/F65C11FD-0D24-4B84-A9B0-19B8745B7811/data/Containers/Bundle/Application/23A3CFAB-B65B-445E-9D78-3BF80E82C7F8/HelloCordova.app/www/index.html
2015-05-05 19:39:54.795 HelloCordova[7873:584543] DiskCookieStorage changing policy from 2 to 0, cookie file: file:///Users/Elmet/Library/Developer/CoreSimulator/Devices/F65C11FD-0D24-4B84-A9B0-19B8745B7811/data/Containers/Data/Application/D86D579E-B974-4475-82CE-C97CE0004AA7/Library/Cookies/Cookies.binarycookies
2015-05-05 19:39:55.101 HelloCordova[7873:584543] Apache Cordova native platform version 3.8.0 is starting.
2015-05-05 19:39:55.102 HelloCordova[7873:584543] Multi-tasking -> Device: YES, App: YES
2015-05-05 19:39:55.138 HelloCordova[7873:584543] Unlimited access to network resources
2015-05-05 19:39:55.837 HelloCordova[7873:584543] Resetting plugins due to page load.
2015-05-05 19:39:56.119 HelloCordova[7873:584543] Finished load of: file:///Users/Elmet/Library/Developer/CoreSimulator/Devices/F65C11FD-0D24-4B84-A9B0-19B8745B7811/data/Containers/Bundle/Application/59A04A1B-59F6-4C39-9680-2E08495102B4/HelloCordova.app/www/index.html#/top
2015-05-07 19:58:58.505 HelloCordova[8204:602739] DiskCookieStorage changing policy from 2 to 0, cookie file: file:///Users/Elmet/Library/Developer/CoreSimulator/Devices/F65C11FD-0D24-4B84-A9B0-19B8745B7811/data/Containers/Data/Application/FD54DECB-6E09-4421-8A56-9204F1FD95B8/Library/Cookies/Cookies.binarycookies
2015-05-07 19:58:58.701 HelloCordova[8204:602739] Apache Cordova native platform version 3.8.0 is starting.
2015-05-07 19:58:58.702 HelloCordova[8204:602739] Multi-tasking -> Device: YES, App: YES
2015-05-07 19:58:58.735 HelloCordova[8204:602739] Unlimited access to network resources
2015-05-07 19:58:59.258 HelloCordova[8204:602739] Resetting plugins due to page load.
2015-05-07 19:58:59.504 HelloCordova[8204:602739] Finished load of: file:///Users/Elmet/Library/Developer/CoreSimulator/Devices/F65C11FD-0D24-4B84-A9B0-19B8745B7811/data/Containers/Bundle/Application/4A2946E9-49D5-430B-AD64-300C05431BC6/HelloCordova.app/www/index.html#/top
2015-05-07 20:12:26.591 HelloCordova[8831:614189] DiskCookieStorage changing policy from 2 to 0, cookie file: file:///Users/Elmet/Library/Developer/CoreSimulator/Devices/F65C11FD-0D24-4B84-A9B0-19B8745B7811/data/Containers/Data/Application/38DAC79D-C8BA-4210-97FE-971D160D5AD2/Library/Cookies/Cookies.binarycookies
2015-05-07 20:12:26.663 HelloCordova[8831:614189] Apache Cordova native platform version 3.8.0 is starting.
2015-05-07 20:12:26.664 HelloCordova[8831:614189] Multi-tasking -> Device: YES, App: YES
2015-05-07 20:12:26.666 HelloCordova[8831:614189] Unlimited access to network resources
2015-05-07 20:12:26.876 HelloCordova[8831:614189] Resetting plugins due to page load.
2015-05-07 20:12:27.089 HelloCordova[8831:614189] Finished load of: file:///Users/Elmet/Library/Developer/CoreSimulator/Devices/F65C11FD-0D24-4B84-A9B0-19B8745B7811/data/Containers/Bundle/Application/91B36143-C1F6-4880-9722-33AA9CDA466B/HelloCordova.app/www/index.html#/top
2015-05-10 16:38:30.240 HelloCordova[9765:694142] DiskCookieStorage changing policy from 2 to 0, cookie file: file:///Users/Elmet/Library/Developer/CoreSimulator/Devices/F65C11FD-0D24-4B84-A9B0-19B8745B7811/data/Containers/Data/Application/9D6EC6D2-041D-4499-AC66-F14A8127076A/Library/Cookies/Cookies.binarycookies
2015-05-10 16:38:30.431 HelloCordova[9765:694142] Apache Cordova native platform version 3.8.0 is starting.
2015-05-10 16:38:30.432 HelloCordova[9765:694142] Multi-tasking -> Device: YES, App: YES
2015-05-10 16:38:30.451 HelloCordova[9765:694142] Unlimited access to network resources
2015-05-10 16:38:30.939 HelloCordova[9765:694142] Resetting plugins due to page load.
2015-05-10 16:38:31.217 HelloCordova[9765:694142] Finished load of: file:///Users/Elmet/Library/Developer/CoreSimulator/Devices/F65C11FD-0D24-4B84-A9B0-19B8745B7811/data/Containers/Bundle/Application/DE7D90B4-BF46-4A73-BBB3-935DAEF0F3E4/HelloCordova.app/www/index.html#/top
2015-05-10 16:39:14.970 HelloCordova[9886:695194] DiskCookieStorage changing policy from 2 to 0, cookie file: file:///Users/Elmet/Library/Developer/CoreSimulator/Devices/F65C11FD-0D24-4B84-A9B0-19B8745B7811/data/Containers/Data/Application/B3260B39-C27F-4C5A-8996-8EC6EC918CDA/Library/Cookies/Cookies.binarycookies
2015-05-10 16:39:15.045 HelloCordova[9886:695194] Apache Cordova native platform version 3.8.0 is starting.
2015-05-10 16:39:15.046 HelloCordova[9886:695194] Multi-tasking -> Device: YES, App: YES
2015-05-10 16:39:15.048 HelloCordova[9886:695194] Unlimited access to network resources
2015-05-10 16:39:15.251 HelloCordova[9886:695194] Resetting plugins due to page load.
2015-05-10 16:39:15.465 HelloCordova[9886:695194] Finished load of: file:///Users/Elmet/Library/Developer/CoreSimulator/Devices/F65C11FD-0D24-4B84-A9B0-19B8745B7811/data/Containers/Bundle/Application/94EC8CF7-46C9-4FF8-AF0F-E78FA36660DD/HelloCordova.app/www/index.html#/top
2015-05-10 16:41:09.674 HelloCordova[10151:697337] DiskCookieStorage changing policy from 2 to 0, cookie file: file:///Users/Elmet/Library/Developer/CoreSimulator/Devices/F65C11FD-0D24-4B84-A9B0-19B8745B7811/data/Containers/Data/Application/039A6A25-A5CE-44C1-8A6F-462ACAA075F2/Library/Cookies/Cookies.binarycookies
2015-05-10 16:41:09.746 HelloCordova[10151:697337] Apache Cordova native platform version 3.8.0 is starting.
2015-05-10 16:41:09.747 HelloCordova[10151:697337] Multi-tasking -> Device: YES, App: YES
2015-05-10 16:41:09.749 HelloCordova[10151:697337] Unlimited access to network resources
2015-05-10 16:41:09.952 HelloCordova[10151:697337] Resetting plugins due to page load.
2015-05-10 16:41:10.170 HelloCordova[10151:697337] Finished load of: file:///Users/Elmet/Library/Developer/CoreSimulator/Devices/F65C11FD-0D24-4B84-A9B0-19B8745B7811/data/Containers/Bundle/Application/EED9ADE2-D156-48F9-A69A-2FB05D70D799/HelloCordova.app/www/index.html#/top
2015-05-10 16:52:16.631 HelloCordova[10419:703965] DiskCookieStorage changing policy from 2 to 0, cookie file: file:///Users/Elmet/Library/Developer/CoreSimulator/Devices/F65C11FD-0D24-4B84-A9B0-19B8745B7811/data/Containers/Data/Application/804A34A2-7F2D-4600-80A6-55DDE621E201/Library/Cookies/Cookies.binarycookies
2015-05-10 16:52:16.708 HelloCordova[10419:703965] Apache Cordova native platform version 3.8.0 is starting.
2015-05-10 16:52:16.708 HelloCordova[10419:703965] Multi-tasking -> Device: YES, App: YES
2015-05-10 16:52:16.710 HelloCordova[10419:703965] Unlimited access to network resources
2015-05-10 16:52:16.923 HelloCordova[10419:703965] Resetting plugins due to page load.
2015-05-10 16:52:17.256 HelloCordova[10419:703965] Finished load of: file:///Users/Elmet/Library/Developer/CoreSimulator/Devices/F65C11FD-0D24-4B84-A9B0-19B8745B7811/data/Containers/Bundle/Application/804FDCD5-2EF9-4492-981B-3648275427A9/HelloCordova.app/www/index.html#/top
2015-05-10 16:55:38.137 HelloCordova[10697:706589] DiskCookieStorage changing policy from 2 to 0, cookie file: file:///Users/Elmet/Library/Developer/CoreSimulator/Devices/F65C11FD-0D24-4B84-A9B0-19B8745B7811/data/Containers/Data/Application/DBD5993D-0441-4B39-B5BB-40C13F4C788C/Library/Cookies/Cookies.binarycookies
2015-05-10 16:55:38.208 HelloCordova[10697:706589] Apache Cordova native platform version 3.8.0 is starting.
2015-05-10 16:55:38.208 HelloCordova[10697:706589] Multi-tasking -> Device: YES, App: YES
2015-05-10 16:55:38.210 HelloCordova[10697:706589] Unlimited access to network resources
2015-05-10 16:55:38.412 HelloCordova[10697:706589] Resetting plugins due to page load.
2015-05-10 16:55:38.621 HelloCordova[10697:706589] Finished load of: file:///Users/Elmet/Library/Developer/CoreSimulator/Devices/F65C11FD-0D24-4B84-A9B0-19B8745B7811/data/Containers/Bundle/Application/A8621DA2-3FA5-46AC-88D5-C41BA2F19C57/HelloCordova.app/www/index.html#/top
2015-05-10 16:56:05.730 HelloCordova[10925:707578] DiskCookieStorage changing policy from 2 to 0, cookie file: file:///Users/Elmet/Library/Developer/CoreSimulator/Devices/F65C11FD-0D24-4B84-A9B0-19B8745B7811/data/Containers/Data/Application/DB463EB3-505B-4304-951B-45632B2E55E2/Library/Cookies/Cookies.binarycookies
2015-05-10 16:56:05.802 HelloCordova[10925:707578] Apache Cordova native platform version 3.8.0 is starting.
2015-05-10 16:56:05.802 HelloCordova[10925:707578] Multi-tasking -> Device: YES, App: YES
2015-05-10 16:56:05.804 HelloCordova[10925:707578] Unlimited access to network resources
2015-05-10 16:56:06.014 HelloCordova[10925:707578] Resetting plugins due to page load.
2015-05-10 16:56:06.221 HelloCordova[10925:707578] Finished load of: file:///Users/Elmet/Library/Developer/CoreSimulator/Devices/F65C11FD-0D24-4B84-A9B0-19B8745B7811/data/Containers/Bundle/Application/0031720A-ACB5-47C4-9634-C817945D0608/HelloCordova.app/www/index.html#/top
2015-05-16 14:47:11.626 HelloCordova[1048:15752] DiskCookieStorage changing policy from 2 to 0, cookie file: file:///Users/Elmet/Library/Developer/CoreSimulator/Devices/F65C11FD-0D24-4B84-A9B0-19B8745B7811/data/Containers/Data/Application/F1E7F0B8-AE11-4C15-8BCC-FBADEE44D917/Library/Cookies/Cookies.binarycookies
2015-05-16 14:47:11.893 HelloCordova[1048:15752] Apache Cordova native platform version 3.8.0 is starting.
2015-05-16 14:47:11.893 HelloCordova[1048:15752] Multi-tasking -> Device: YES, App: YES
2015-05-16 14:47:11.908 HelloCordova[1048:15752] Unlimited access to network resources
2015-05-16 14:47:12.483 HelloCordova[1048:15752] Resetting plugins due to page load.
2015-05-16 14:47:12.882 HelloCordova[1048:15752] Finished load of: file:///Users/Elmet/Library/Developer/CoreSimulator/Devices/F65C11FD-0D24-4B84-A9B0-19B8745B7811/data/Containers/Bundle/Application/901C5A56-503B-497E-9CF3-A93DF6701C45/HelloCordova.app/www/index.html#/top
2015-05-16 14:51:57.883 HelloCordova[1381:19996] DiskCookieStorage changing policy from 2 to 0, cookie file: file:///Users/Elmet/Library/Developer/CoreSimulator/Devices/F65C11FD-0D24-4B84-A9B0-19B8745B7811/data/Containers/Data/Application/92BD6D97-6F6B-4962-BFB0-B6D4E06F6E81/Library/Cookies/Cookies.binarycookies
2015-05-16 14:51:57.956 HelloCordova[1381:19996] Apache Cordova native platform version 3.8.0 is starting.
2015-05-16 14:51:57.956 HelloCordova[1381:19996] Multi-tasking -> Device: YES, App: YES
2015-05-16 14:51:57.958 HelloCordova[1381:19996] Unlimited access to network resources
2015-05-16 14:51:58.120 HelloCordova[1381:19996] Resetting plugins due to page load.
2015-05-16 14:51:58.337 HelloCordova[1381:19996] Finished load of: file:///Users/Elmet/Library/Developer/CoreSimulator/Devices/F65C11FD-0D24-4B84-A9B0-19B8745B7811/data/Containers/Bundle/Application/64F8EE16-4FD8-45DE-8D93-645A35336184/HelloCordova.app/www/index.html#/top
2015-05-16 15:02:14.713 HelloCordova[2027:29863] DiskCookieStorage changing policy from 2 to 0, cookie file: file:///Users/Elmet/Library/Developer/CoreSimulator/Devices/F65C11FD-0D24-4B84-A9B0-19B8745B7811/data/Containers/Data/Application/D1AE1A13-29C6-4377-A680-E97A13CFC044/Library/Cookies/Cookies.binarycookies
2015-05-16 15:02:14.793 HelloCordova[2027:29863] Apache Cordova native platform version 3.8.0 is starting.
2015-05-16 15:02:14.793 HelloCordova[2027:29863] Multi-tasking -> Device: YES, App: YES
2015-05-16 15:02:14.796 HelloCordova[2027:29863] Unlimited access to network resources
2015-05-16 15:02:15.000 HelloCordova[2027:29863] Resetting plugins due to page load.
2015-05-16 15:02:15.288 HelloCordova[2027:29863] Finished load of: file:///Users/Elmet/Library/Developer/CoreSimulator/Devices/F65C11FD-0D24-4B84-A9B0-19B8745B7811/data/Containers/Bundle/Application/3EFA1083-BCEF-4D2C-A30B-9627735E0FD4/HelloCordova.app/www/index.html#/top
2015-05-16 15:37:16.503 HelloCordova[2685:51453] DiskCookieStorage changing policy from 2 to 0, cookie file: file:///Users/Elmet/Library/Developer/CoreSimulator/Devices/F65C11FD-0D24-4B84-A9B0-19B8745B7811/data/Containers/Data/Application/BD00E619-DF82-4D03-83A2-F6AC00B072EA/Library/Cookies/Cookies.binarycookies
2015-05-16 15:37:16.586 HelloCordova[2685:51453] Apache Cordova native platform version 3.8.0 is starting.
2015-05-16 15:37:16.587 HelloCordova[2685:51453] Multi-tasking -> Device: YES, App: YES
2015-05-16 15:37:16.589 HelloCordova[2685:51453] Unlimited access to network resources
2015-05-16 15:37:16.842 HelloCordova[2685:51453] Resetting plugins due to page load.
2015-05-16 15:37:17.103 HelloCordova[2685:51453] Finished load of: file:///Users/Elmet/Library/Developer/CoreSimulator/Devices/F65C11FD-0D24-4B84-A9B0-19B8745B7811/data/Containers/Bundle/Application/18436AF2-B222-46F2-95FE-EF1E643492A1/HelloCordova.app/www/index.html#/top
2015-05-17 19:53:00.822 HelloCordova[9390:405385] DiskCookieStorage changing policy from 2 to 0, cookie file: file:///Users/Elmet/Library/Developer/CoreSimulator/Devices/F65C11FD-0D24-4B84-A9B0-19B8745B7811/data/Containers/Data/Application/1E03AB7A-78FD-4560-B7AD-12048DF4F8DD/Library/Cookies/Cookies.binarycookies
2015-05-17 19:53:01.124 HelloCordova[9390:405385] Apache Cordova native platform version 3.8.0 is starting.
2015-05-17 19:53:01.124 HelloCordova[9390:405385] Multi-tasking -> Device: YES, App: YES
2015-05-17 19:53:01.142 HelloCordova[9390:405385] Unlimited access to network resources
2015-05-17 19:53:01.790 HelloCordova[9390:405385] Resetting plugins due to page load.
2015-05-17 19:53:02.936 HelloCordova[9390:405385] Finished load of: file:///Users/Elmet/Library/Developer/CoreSimulator/Devices/F65C11FD-0D24-4B84-A9B0-19B8745B7811/data/Containers/Bundle/Application/4EDFADA9-1F24-4332-BFB1-9A1F65CA850E/HelloCordova.app/www/index.html#/top
2015-05-17 21:10:53.499 HelloCordova[10630:457261] DiskCookieStorage changing policy from 2 to 0, cookie file: file:///Users/Elmet/Library/Developer/CoreSimulator/Devices/F65C11FD-0D24-4B84-A9B0-19B8745B7811/data/Containers/Data/Application/6C119BFA-418A-4C47-A149-0E460ECF087F/Library/Cookies/Cookies.binarycookies
2015-05-17 21:10:53.577 HelloCordova[10630:457261] Apache Cordova native platform version 3.8.0 is starting.
2015-05-17 21:10:53.578 HelloCordova[10630:457261] Multi-tasking -> Device: YES, App: YES
2015-05-17 21:10:53.580 HelloCordova[10630:457261] Unlimited access to network resources
2015-05-17 21:10:53.841 HelloCordova[10630:457261] Resetting plugins due to page load.
2015-05-17 21:10:54.149 HelloCordova[10630:457261] Finished load of: file:///Users/Elmet/Library/Developer/CoreSimulator/Devices/F65C11FD-0D24-4B84-A9B0-19B8745B7811/data/Containers/Bundle/Application/72B9AAAD-183D-4BDA-A542-4ECEADD01D01/HelloCordova.app/www/index.html#/top
2015-05-17 21:15:52.301 HelloCordova[11093:463512] DiskCookieStorage changing policy from 2 to 0, cookie file: file:///Users/Elmet/Library/Developer/CoreSimulator/Devices/F65C11FD-0D24-4B84-A9B0-19B8745B7811/data/Containers/Data/Application/3C45C433-F070-429D-BBB4-C00AEDBC4D28/Library/Cookies/Cookies.binarycookies
2015-05-17 21:15:52.395 HelloCordova[11093:463512] Apache Cordova native platform version 3.8.0 is starting.
2015-05-17 21:15:52.396 HelloCordova[11093:463512] Multi-tasking -> Device: YES, App: YES
2015-05-17 21:15:52.397 HelloCordova[11093:463512] Unlimited access to network resources
2015-05-17 21:15:52.702 HelloCordova[11093:463512] Resetting plugins due to page load.
2015-05-17 21:15:53.498 HelloCordova[11093:463512] Finished load of: file:///Users/Elmet/Library/Developer/CoreSimulator/Devices/F65C11FD-0D24-4B84-A9B0-19B8745B7811/data/Containers/Bundle/Application/0A5595A8-4AF0-4E0A-870D-53ACB37B0D9F/HelloCordova.app/www/index.html#/top
2015-05-17 21:21:44.689 HelloCordova[11710:470922] DiskCookieStorage changing policy from 2 to 0, cookie file: file:///Users/Elmet/Library/Developer/CoreSimulator/Devices/F65C11FD-0D24-4B84-A9B0-19B8745B7811/data/Containers/Data/Application/757A2A0B-B1D8-44B5-A228-3D7D1833A7A7/Library/Cookies/Cookies.binarycookies
2015-05-17 21:21:44.954 HelloCordova[11710:470922] Apache Cordova native platform version 3.8.0 is starting.
2015-05-17 21:21:44.954 HelloCordova[11710:470922] Multi-tasking -> Device: YES, App: YES
2015-05-17 21:21:44.968 HelloCordova[11710:470922] Unlimited access to network resources
2015-05-17 21:21:45.616 HelloCordova[11710:470922] Resetting plugins due to page load.
2015-05-17 21:21:46.076 HelloCordova[11710:470922] Finished load of: file:///Users/Elmet/Library/Developer/CoreSimulator/Devices/F65C11FD-0D24-4B84-A9B0-19B8745B7811/data/Containers/Bundle/Application/CFEC17EB-54E4-43DB-8B15-3A9BB032DB1B/HelloCordova.app/www/index.html#/top
2015-05-18 22:16:23.499 HelloCordova[13276:602142] DiskCookieStorage changing policy from 2 to 0, cookie file: file:///Users/Elmet/Library/Developer/CoreSimulator/Devices/F65C11FD-0D24-4B84-A9B0-19B8745B7811/data/Containers/Data/Application/12F22033-47CE-4B7A-B5A1-CFF84219F0D0/Library/Cookies/Cookies.binarycookies
2015-05-18 22:16:23.674 HelloCordova[13276:602142] Apache Cordova native platform version 3.8.0 is starting.
2015-05-18 22:16:23.675 HelloCordova[13276:602142] Multi-tasking -> Device: YES, App: YES
2015-05-18 22:16:23.678 HelloCordova[13276:602142] Unlimited access to network resources
2015-05-18 22:16:24.168 HelloCordova[13276:602142] Resetting plugins due to page load.
2015-05-20 01:11:59.681 HelloCordova[19034:918578] DiskCookieStorage changing policy from 2 to 0, cookie file: file:///Users/Elmet/Library/Developer/CoreSimulator/Devices/F65C11FD-0D24-4B84-A9B0-19B8745B7811/data/Containers/Data/Application/04F377EF-D02A-49CE-BFB1-4CC5BC997163/Library/Cookies/Cookies.binarycookies
2015-05-20 01:11:59.970 HelloCordova[19034:918578] Apache Cordova native platform version 3.8.0 is starting.
2015-05-20 01:11:59.970 HelloCordova[19034:918578] Multi-tasking -> Device: YES, App: YES
2015-05-20 01:11:59.988 HelloCordova[19034:918578] Unlimited access to network resources
2015-05-20 01:12:00.626 HelloCordova[19034:918578] Resetting plugins due to page load.
2015-05-20 01:12:01.614 HelloCordova[19034:918578] Finished load of: file:///Users/Elmet/Library/Developer/CoreSimulator/Devices/F65C11FD-0D24-4B84-A9B0-19B8745B7811/data/Containers/Bundle/Application/066B298D-86B1-4DCE-9BE9-9DC53F57D1DE/HelloCordova.app/www/index.html#/top
2015-05-20 01:12:20.737 HelloCordova[19034:919491] Terminating since there is no system app.
2015-05-20 01:12:20.743 HelloCordova[19034:918918] Communications error: <OS_xpc_error: <error: 0x2d365f4> { count = 1, contents =
	"XPCErrorDescription" => <string: 0x2d3683c> { length = 22, contents = "Connection interrupted" }
}>
2015-05-20 01:13:19.569 HelloCordova[19363:921793] DiskCookieStorage changing policy from 2 to 0, cookie file: file:///Users/Elmet/Library/Developer/CoreSimulator/Devices/F65C11FD-0D24-4B84-A9B0-19B8745B7811/data/Containers/Data/Application/6D5A1DAB-F71D-4E59-A068-10E605059960/Library/Cookies/Cookies.binarycookies
2015-05-20 01:13:19.642 HelloCordova[19363:921793] Apache Cordova native platform version 3.8.0 is starting.
2015-05-20 01:13:19.642 HelloCordova[19363:921793] Multi-tasking -> Device: YES, App: YES
2015-05-20 01:13:19.644 HelloCordova[19363:921793] Unlimited access to network resources
2015-05-20 01:13:19.879 HelloCordova[19363:921793] Resetting plugins due to page load.
2015-05-20 01:13:20.147 HelloCordova[19363:921793] Finished load of: file:///Users/Elmet/Library/Developer/CoreSimulator/Devices/F65C11FD-0D24-4B84-A9B0-19B8745B7811/data/Containers/Bundle/Application/CAF461E0-0E27-430A-BAB7-4B29E286D82C/HelloCordova.app/www/index.html#/top
2015-05-20 01:14:42.366 HelloCordova[19640:924008] DiskCookieStorage changing policy from 2 to 0, cookie file: file:///Users/Elmet/Library/Developer/CoreSimulator/Devices/F65C11FD-0D24-4B84-A9B0-19B8745B7811/data/Containers/Data/Application/BDA489B4-6F36-44ED-9F49-34586DAAEB0F/Library/Cookies/Cookies.binarycookies
2015-05-20 01:14:42.439 HelloCordova[19640:924008] Apache Cordova native platform version 3.8.0 is starting.
2015-05-20 01:14:42.439 HelloCordova[19640:924008] Multi-tasking -> Device: YES, App: YES
2015-05-20 01:14:42.440 HelloCordova[19640:924008] Unlimited access to network resources
2015-05-20 01:14:42.701 HelloCordova[19640:924008] Resetting plugins due to page load.
2015-05-20 01:14:43.052 HelloCordova[19640:924008] Finished load of: file:///Users/Elmet/Library/Developer/CoreSimulator/Devices/F65C11FD-0D24-4B84-A9B0-19B8745B7811/data/Containers/Bundle/Application/BA4ACDCD-A63E-47A6-A1F9-18C105672FAA/HelloCordova.app/www/index.html#/top
2015-05-20 01:15:30.849 HelloCordova[19913:925102] DiskCookieStorage changing policy from 2 to 0, cookie file: file:///Users/Elmet/Library/Developer/CoreSimulator/Devices/F65C11FD-0D24-4B84-A9B0-19B8745B7811/data/Containers/Data/Application/0E52EDFC-D840-423E-8DB1-064BED93F194/Library/Cookies/Cookies.binarycookies
2015-05-20 01:15:30.930 HelloCordova[19913:925102] Apache Cordova native platform version 3.8.0 is starting.
2015-05-20 01:15:30.931 HelloCordova[19913:925102] Multi-tasking -> Device: YES, App: YES
2015-05-20 01:15:30.932 HelloCordova[19913:925102] Unlimited access to network resources
2015-05-20 01:15:31.150 HelloCordova[19913:925102] Resetting plugins due to page load.
2015-05-20 01:15:31.478 HelloCordova[19913:925102] Finished load of: file:///Users/Elmet/Library/Developer/CoreSimulator/Devices/F65C11FD-0D24-4B84-A9B0-19B8745B7811/data/Containers/Bundle/Application/1163A251-FFF3-43D6-9572-1D560DAB7D8E/HelloCordova.app/www/index.html#/top
2015-05-20 20:30:50.102 HelloCordova[20732:968427] DiskCookieStorage changing policy from 2 to 0, cookie file: file:///Users/Elmet/Library/Developer/CoreSimulator/Devices/F65C11FD-0D24-4B84-A9B0-19B8745B7811/data/Containers/Data/Application/72B503AC-327B-451A-BD16-59AC959C17C7/Library/Cookies/Cookies.binarycookies
2015-05-20 20:30:50.371 HelloCordova[20732:968427] Apache Cordova native platform version 3.8.0 is starting.
2015-05-20 20:30:50.372 HelloCordova[20732:968427] Multi-tasking -> Device: YES, App: YES
2015-05-20 20:30:50.386 HelloCordova[20732:968427] Unlimited access to network resources
2015-05-20 20:30:50.917 HelloCordova[20732:968427] Resetting plugins due to page load.
2015-05-20 20:30:51.745 HelloCordova[20732:968427] Finished load of: file:///Users/Elmet/Library/Developer/CoreSimulator/Devices/F65C11FD-0D24-4B84-A9B0-19B8745B7811/data/Containers/Bundle/Application/D74E838A-6596-4726-8A1D-9E8493B32B69/HelloCordova.app/www/index.html#/top
2015-05-20 20:59:45.770 HelloCordova[21065:990685] DiskCookieStorage changing policy from 2 to 0, cookie file: file:///Users/Elmet/Library/Developer/CoreSimulator/Devices/F65C11FD-0D24-4B84-A9B0-19B8745B7811/data/Containers/Data/Application/62C95941-547A-4C51-BCCF-C09D2F7DB3F7/Library/Cookies/Cookies.binarycookies
2015-05-20 20:59:45.874 HelloCordova[21065:990685] Apache Cordova native platform version 3.8.0 is starting.
2015-05-20 20:59:45.875 HelloCordova[21065:990685] Multi-tasking -> Device: YES, App: YES
2015-05-20 20:59:45.876 HelloCordova[21065:990685] Unlimited access to network resources
2015-05-20 20:59:46.103 HelloCordova[21065:990685] Resetting plugins due to page load.
2015-05-20 20:59:46.376 HelloCordova[21065:990685] Finished load of: file:///Users/Elmet/Library/Developer/CoreSimulator/Devices/F65C11FD-0D24-4B84-A9B0-19B8745B7811/data/Containers/Bundle/Application/6F880699-46BB-4EAE-A939-2EACC61CC1BC/HelloCordova.app/www/index.html#/top
2015-05-20 20:59:52.422 HelloCordova[21065:990685] CDVWebViewDelegate: Navigation started when state=1
2015-05-20 20:59:52.422 HelloCordova[21065:990685] Failed to load webpage with error: CDVWebViewDelegate: Navigation started when state=1
2015-05-20 20:59:52.428 HelloCordova[21065:990685] Resetting plugins due to page load.
2015-05-20 20:59:52.539 HelloCordova[21065:990685] Finished load of: http://goteki.jp/gotekihai/
2015-05-21 19:04:03.488 HelloCordova[27097:1569829] DiskCookieStorage changing policy from 2 to 0, cookie file: file:///Users/Elmet/Library/Developer/CoreSimulator/Devices/F65C11FD-0D24-4B84-A9B0-19B8745B7811/data/Containers/Data/Application/D69D7879-8A48-49B3-A614-FBF57732D421/Library/Cookies/Cookies.binarycookies
2015-05-21 19:04:03.821 HelloCordova[27097:1569829] Apache Cordova native platform version 3.8.0 is starting.
2015-05-21 19:04:03.821 HelloCordova[27097:1569829] Multi-tasking -> Device: YES, App: YES
2015-05-21 19:04:03.841 HelloCordova[27097:1569829] Unlimited access to network resources
2015-05-21 19:04:04.585 HelloCordova[27097:1569829] Resetting plugins due to page load.
2015-05-21 19:04:04.911 HelloCordova[27097:1569829] Finished load of: file:///Users/Elmet/Library/Developer/CoreSimulator/Devices/F65C11FD-0D24-4B84-A9B0-19B8745B7811/data/Containers/Bundle/Application/E240A915-AF60-4867-BA29-D73AB29EB935/HelloCordova.app/www/index.html#/top
2015-05-21 19:12:14.382 HelloCordova[27741:1582022] DiskCookieStorage changing policy from 2 to 0, cookie file: file:///Users/Elmet/Library/Developer/CoreSimulator/Devices/F65C11FD-0D24-4B84-A9B0-19B8745B7811/data/Containers/Data/Application/5F4E50D1-2EE1-4D07-8490-E416FE4A9D0B/Library/Cookies/Cookies.binarycookies
2015-05-21 19:12:14.498 HelloCordova[27741:1582022] Apache Cordova native platform version 3.8.0 is starting.
2015-05-21 19:12:14.498 HelloCordova[27741:1582022] Multi-tasking -> Device: YES, App: YES
2015-05-21 19:12:14.515 HelloCordova[27741:1582022] Unlimited access to network resources
2015-05-21 19:12:14.911 HelloCordova[27741:1582022] Resetting plugins due to page load.
2015-05-21 19:12:15.300 HelloCordova[27741:1582022] Finished load of: file:///Users/Elmet/Library/Developer/CoreSimulator/Devices/F65C11FD-0D24-4B84-A9B0-19B8745B7811/data/Containers/Bundle/Application/568047C1-B230-40C3-BB53-1DA7BA2FA89D/HelloCordova.app/www/index.html#/top
2015-05-21 19:13:08.894 HelloCordova[28074:1583887] DiskCookieStorage changing policy from 2 to 0, cookie file: file:///Users/Elmet/Library/Developer/CoreSimulator/Devices/F65C11FD-0D24-4B84-A9B0-19B8745B7811/data/Containers/Data/Application/828AE718-9AA5-4C17-A128-9B3F9AD81F8C/Library/Cookies/Cookies.binarycookies
2015-05-21 19:13:09.191 HelloCordova[28074:1583887] Apache Cordova native platform version 3.8.0 is starting.
2015-05-21 19:13:09.192 HelloCordova[28074:1583887] Multi-tasking -> Device: YES, App: YES
2015-05-21 19:13:09.212 HelloCordova[28074:1583887] Unlimited access to network resources
2015-05-21 19:13:09.881 HelloCordova[28074:1583887] Resetting plugins due to page load.
2015-05-21 19:13:10.301 HelloCordova[28074:1583887] Finished load of: file:///Users/Elmet/Library/Developer/CoreSimulator/Devices/F65C11FD-0D24-4B84-A9B0-19B8745B7811/data/Containers/Bundle/Application/42BE133E-4F5E-4F54-9FC7-AD6AC14C0A64/HelloCordova.app/www/index.html#/top
2015-05-21 19:14:00.748 HelloCordova[28366:1585763] DiskCookieStorage changing policy from 2 to 0, cookie file: file:///Users/Elmet/Library/Developer/CoreSimulator/Devices/F65C11FD-0D24-4B84-A9B0-19B8745B7811/data/Containers/Data/Application/A55DA49C-C03D-433E-9189-5479D2F4F35D/Library/Cookies/Cookies.binarycookies
2015-05-21 19:14:00.846 HelloCordova[28366:1585763] Apache Cordova native platform version 3.8.0 is starting.
2015-05-21 19:14:00.847 HelloCordova[28366:1585763] Multi-tasking -> Device: YES, App: YES
2015-05-21 19:14:00.848 HelloCordova[28366:1585763] Unlimited access to network resources
2015-05-21 19:14:01.176 HelloCordova[28366:1585763] Resetting plugins due to page load.
2015-05-21 19:14:01.819 HelloCordova[28366:1585763] Finished load of: file:///Users/Elmet/Library/Developer/CoreSimulator/Devices/F65C11FD-0D24-4B84-A9B0-19B8745B7811/data/Containers/Bundle/Application/B21C915E-EA15-418C-B4E8-6D4398E40D15/HelloCordova.app/www/index.html#/top
2015-05-21 19:29:39.810 HelloCordova[28772:1599003] DiskCookieStorage changing policy from 2 to 0, cookie file: file:///Users/Elmet/Library/Developer/CoreSimulator/Devices/F65C11FD-0D24-4B84-A9B0-19B8745B7811/data/Containers/Data/Application/F64B20E4-2998-4285-B8F4-40F575C1DFCB/Library/Cookies/Cookies.binarycookies
2015-05-21 19:29:39.901 HelloCordova[28772:1599003] Apache Cordova native platform version 3.8.0 is starting.
2015-05-21 19:29:39.902 HelloCordova[28772:1599003] Multi-tasking -> Device: YES, App: YES
2015-05-21 19:29:39.903 HelloCordova[28772:1599003] Unlimited access to network resources
2015-05-21 19:29:40.258 HelloCordova[28772:1599003] Resetting plugins due to page load.
2015-05-21 19:29:40.577 HelloCordova[28772:1599003] Finished load of: file:///Users/Elmet/Library/Developer/CoreSimulator/Devices/F65C11FD-0D24-4B84-A9B0-19B8745B7811/data/Containers/Bundle/Application/52D1FB1D-F292-4F74-A8F0-925E1F72D9C6/HelloCordova.app/www/index.html#/top
2015-05-21 19:30:57.267 HelloCordova[29074:1601175] DiskCookieStorage changing policy from 2 to 0, cookie file: file:///Users/Elmet/Library/Developer/CoreSimulator/Devices/F65C11FD-0D24-4B84-A9B0-19B8745B7811/data/Containers/Data/Application/87135E52-A333-45F2-8222-3D764B75FB1A/Library/Cookies/Cookies.binarycookies
2015-05-21 19:30:57.357 HelloCordova[29074:1601175] Apache Cordova native platform version 3.8.0 is starting.
2015-05-21 19:30:57.358 HelloCordova[29074:1601175] Multi-tasking -> Device: YES, App: YES
2015-05-21 19:30:57.360 HelloCordova[29074:1601175] Unlimited access to network resources
2015-05-21 19:30:57.690 HelloCordova[29074:1601175] Resetting plugins due to page load.
2015-05-21 19:30:57.994 HelloCordova[29074:1601175] Finished load of: file:///Users/Elmet/Library/Developer/CoreSimulator/Devices/F65C11FD-0D24-4B84-A9B0-19B8745B7811/data/Containers/Bundle/Application/7A88F5D0-19AB-4C35-AAF7-415093294E10/HelloCordova.app/www/index.html#/top
2015-05-21 19:33:23.107 HelloCordova[29379:1604512] DiskCookieStorage changing policy from 2 to 0, cookie file: file:///Users/Elmet/Library/Developer/CoreSimulator/Devices/F65C11FD-0D24-4B84-A9B0-19B8745B7811/data/Containers/Data/Application/9B2276B4-6D12-4D47-B464-1F2EB405E44B/Library/Cookies/Cookies.binarycookies
2015-05-21 19:33:23.187 HelloCordova[29379:1604512] Apache Cordova native platform version 3.8.0 is starting.
2015-05-21 19:33:23.187 HelloCordova[29379:1604512] Multi-tasking -> Device: YES, App: YES
2015-05-21 19:33:23.189 HelloCordova[29379:1604512] Unlimited access to network resources
2015-05-21 19:33:23.541 HelloCordova[29379:1604512] Resetting plugins due to page load.
2015-05-21 19:33:23.821 HelloCordova[29379:1604512] Finished load of: file:///Users/Elmet/Library/Developer/CoreSimulator/Devices/F65C11FD-0D24-4B84-A9B0-19B8745B7811/data/Containers/Bundle/Application/B928DED3-0299-47AC-A952-62094DE68CAF/HelloCordova.app/www/index.html#/top
2015-05-21 19:33:30.349 HelloCordova[29379:1604512] THREAD WARNING: ['InAppBrowser'] took '121.610107' ms. Plugin should use a background thread.
2015-05-22 00:23:18.029 HelloCordova[30620:1700930] DiskCookieStorage changing policy from 2 to 0, cookie file: file:///Users/Elmet/Library/Developer/CoreSimulator/Devices/F65C11FD-0D24-4B84-A9B0-19B8745B7811/data/Containers/Data/Application/ABB139BC-31BB-4313-8EB8-C2C01E584E0D/Library/Cookies/Cookies.binarycookies
2015-05-22 00:23:18.269 HelloCordova[30620:1700930] Apache Cordova native platform version 3.8.0 is starting.
2015-05-22 00:23:18.269 HelloCordova[30620:1700930] Multi-tasking -> Device: YES, App: YES
2015-05-22 00:23:18.287 HelloCordova[30620:1700930] Unlimited access to network resources
2015-05-22 00:23:18.912 HelloCordova[30620:1700930] Resetting plugins due to page load.
2015-05-22 00:23:19.406 HelloCordova[30620:1700930] Finished load of: file:///Users/Elmet/Library/Developer/CoreSimulator/Devices/F65C11FD-0D24-4B84-A9B0-19B8745B7811/data/Containers/Bundle/Application/D4516E5A-7E91-4315-91F8-99E877BF2FC6/HelloCordova.app/www/index.html#/top
2015-05-22 00:23:47.341 HelloCordova[30620:1700930] THREAD WARNING: ['InAppBrowser'] took '82.509033' ms. Plugin should use a background thread.
